Arguments: 
  /home/msc/.nvm/versions/node/v18.17.1/bin/node /usr/bin/yarn install

PATH: 
  /home/msc/.nvm/versions/node/v18.17.1/bin:/home/msc/.poetry/bin:/home/msc/.local/bin:/usr/local/sbin:/usr/local/bin:/usr/sbin:/usr/bin:/sbin:/bin:/usr/games:/usr/local/games:/snap/bin:/home/msc/.krew/bin:/home/msc/.yarn/bin

Yarn version: 
  1.22.11

Node version: 
  18.17.1

Platform: 
  linux x64

Trace: 
  Error: https://registry.npmjs.org/@sanity-typed%2ftest-utils: Not found
      at params.callback [as _callback] (/usr/lib/node_modules/yarn/lib/cli.js:66992:18)
      at self.callback (/usr/lib/node_modules/yarn/lib/cli.js:140763:22)
      at Request.emit (node:events:514:28)
      at Request.<anonymous> (/usr/lib/node_modules/yarn/lib/cli.js:141735:10)
      at Request.emit (node:events:514:28)
      at IncomingMessage.<anonymous> (/usr/lib/node_modules/yarn/lib/cli.js:141657:12)
      at Object.onceWrapper (node:events:628:28)
      at IncomingMessage.emit (node:events:526:35)
      at endReadableNT (node:internal/streams/readable:1359:12)
      at process.processTicksAndRejections (node:internal/process/task_queues:82:21)

npm manifest: 
  {
    "$schema": "https://json.schemastore.org/package.json",
    "name": "@sanity-typed/schema-builder",
    "version": "0.0.0-development",
    "description": "Build Sanity schemas declaratively and get typescript types of schema values for free!",
    "homepage": "https://github.com/saiichihashimoto/sanity-typed/tree/%40sanity-typed/schema-builder%403.0.1/packages/schema-builder",
    "bugs": "https://github.com/saiichihashimoto/sanity-typed/issues?q=is%3Aissue+is%3Aopen+label%3Aschema-builder",
    "repository": "github:saiichihashimoto/sanity-typed",
    "funding": {
      "type": "individual",
      "url": "https://github.com/sponsors/saiichihashimoto"
    },
    "main": "dist/index.js",
    "types": "dist/index.d.ts",
    "files": ["dist"],
    "scripts": {
      "build": "tsup",
      "dev": "npm run build -- --no-dts"
    },
    "dependencies": {
      "@portabletext/types": "2.0.2",
      "@types/lodash": "4.14.195",
      "lodash": "4.17.21",
      "type-fest": "2.19.0",
      "zod": "3.21.4"
    },
    "devDependencies": {
      "@faker-js/faker": "8.0.2",
      "@jest/globals": "29.5.0",
      "../../test-utils": "0.0.0-development",
      "@sanity-typed/tsconfig": "0.0.0-development",
      "sanity": "3.12.0"
    },
    "peerDependencies": {
      "@faker-js/faker": "^8.0.2",
      "sanity": "^3.2.0"
    }
  }

yarn manifest: 
  No manifest

Lockfile: 
  No lockfile
